<?xml version="1.0" encoding="UTF-8"?>
<testng-results ignored="0" total="5" passed="5" failed="0" skipped="0">
  <reporter-output>
  </reporter-output>
  <suite started-at="2022-05-25T22:39:38 EDT" name="Default suite" finished-at="2022-05-25T22:40:15 EDT" duration-ms="37409">
    <groups>
      <group name="cucumber">
        <method signature="AbstractTestNGCucumberTests.runScenario(io.cucumber.testng.PickleWrapper,io.cucumber.testng.FeatureWrapper)[pri:0, instance:com.runners.Runner@6b81ce95]" name="runScenario" class="io.cucumber.testng.AbstractTestNGCucumberTests"/>
      </group> <!-- cucumber -->
    </groups>
    <test started-at="2022-05-25T22:39:38 EDT" name="Default test" finished-at="2022-05-25T22:40:15 EDT" duration-ms="37409">
      <class name="com.runners.Runner">
        <test-method is-config="true" signature="setUpClass(org.testng.ITestContext)[pri:0, instance:com.runners.Runner@6b81ce95]" started-at="2022-05-25T22:39:38 EDT" name="setUpClass" finished-at="2022-05-25T22:39:38 EDT" duration-ms="584" status="PASS">
          <params>
            <param index="0">
              <value>
                <![CDATA[org.testng.TestRunner@a85644c]]>
              </value>
            </param>
          </params>
          <reporter-output>
          </reporter-output>
        </test-method> <!-- setUpClass -->
        <test-method signature="runScenario(io.cucumber.testng.PickleWrapper,io.cucumber.testng.FeatureWrapper)[pri:0, instance:com.runners.Runner@6b81ce95]" started-at="2022-05-25T22:39:38 EDT" name="runScenario" description="Runs Cucumber Scenarios" data-provider="scenarios" finished-at="2022-05-25T22:39:45 EDT" duration-ms="6446" status="PASS">
          <params>
            <param index="0">
              <value>
                <![CDATA["Naviagte to SFDC"]]>
              </value>
            </param>
            <param index="1">
              <value>
                <![CDATA["SDFC Login"]]>
              </value>
            </param>
          </params>
          <reporter-output>
          </reporter-output>
        </test-method> <!-- runScenario -->
        <test-method signature="runScenario(io.cucumber.testng.PickleWrapper,io.cucumber.testng.FeatureWrapper)[pri:0, instance:com.runners.Runner@6b81ce95]" started-at="2022-05-25T22:39:45 EDT" name="runScenario" description="Runs Cucumber Scenarios" data-provider="scenarios" finished-at="2022-05-25T22:39:53 EDT" duration-ms="8070" status="PASS">
          <params>
            <param index="0">
              <value>
                <![CDATA["Login with valid details"]]>
              </value>
            </param>
            <param index="1">
              <value>
                <![CDATA["SDFC Login"]]>
              </value>
            </param>
          </params>
          <reporter-output>
          </reporter-output>
        </test-method> <!-- runScenario -->
        <test-method signature="runScenario(io.cucumber.testng.PickleWrapper,io.cucumber.testng.FeatureWrapper)[pri:0, instance:com.runners.Runner@6b81ce95]" started-at="2022-05-25T22:39:53 EDT" name="runScenario" description="Runs Cucumber Scenarios" data-provider="scenarios" finished-at="2022-05-25T22:40:05 EDT" duration-ms="12028" status="PASS">
          <params>
            <param index="0">
              <value>
                <![CDATA["check remember me"]]>
              </value>
            </param>
            <param index="1">
              <value>
                <![CDATA["SDFC Login"]]>
              </value>
            </param>
          </params>
          <reporter-output>
          </reporter-output>
        </test-method> <!-- runScenario -->
        <test-method signature="runScenario(io.cucumber.testng.PickleWrapper,io.cucumber.testng.FeatureWrapper)[pri:0, instance:com.runners.Runner@6b81ce95]" started-at="2022-05-25T22:40:05 EDT" name="runScenario" description="Runs Cucumber Scenarios" data-provider="scenarios" finished-at="2022-05-25T22:40:10 EDT" duration-ms="5141" status="PASS">
          <params>
            <param index="0">
              <value>
                <![CDATA["forgot password"]]>
              </value>
            </param>
            <param index="1">
              <value>
                <![CDATA["SDFC Login"]]>
              </value>
            </param>
          </params>
          <reporter-output>
          </reporter-output>
        </test-method> <!-- runScenario -->
        <test-method signature="runScenario(io.cucumber.testng.PickleWrapper,io.cucumber.testng.FeatureWrapper)[pri:0, instance:com.runners.Runner@6b81ce95]" started-at="2022-05-25T22:40:10 EDT" name="runScenario" description="Runs Cucumber Scenarios" data-provider="scenarios" finished-at="2022-05-25T22:40:15 EDT" duration-ms="5035" status="PASS">
          <params>
            <param index="0">
              <value>
                <![CDATA["Login with invalid cerdentials"]]>
              </value>
            </param>
            <param index="1">
              <value>
                <![CDATA["SDFC Login"]]>
              </value>
            </param>
          </params>
          <reporter-output>
          </reporter-output>
        </test-method> <!-- runScenario -->
        <test-method is-config="true" signature="tearDownClass()[pri:0, instance:com.runners.Runner@6b81ce95]" started-at="2022-05-25T22:40:15 EDT" name="tearDownClass" finished-at="2022-05-25T22:40:15 EDT" duration-ms="63" status="PASS">
          <reporter-output>
          </reporter-output>
        </test-method> <!-- tearDownClass -->
      </class> <!-- com.runners.Runner -->
    </test> <!-- Default test -->
  </suite> <!-- Default suite -->
</testng-results>
