<?xml version="1.0" encoding="UTF-8"?>
<testsuite xmlns:xsi="http://www.w3.org/2001/XMLSchema-instance" xsi:schemaLocation="https://maven.apache.org/surefire/maven-surefire-plugin/xsd/surefire-test-report.xsd" name="com.runners.Runner" time="36.643" tests="5" errors="0" skipped="0" failures="0">
  <properties>
[...]
</properties>
  <testcase name="runScenario" classname="com.runners.Runner" time="7.494"/>
  <testcase name="runScenario" classname="com.runners.Runner" time="8.338"/>
  <testcase name="runScenario" classname="com.runners.Runner" time="10.037"/>
  <testcase name="runScenario" classname="com.runners.Runner" time="4.608"/>
  <testcase name="runScenario" classname="com.runners.Runner" time="4.979"/>
</testsuite>