<?xml version="1.0" encoding="UTF-8"?>
<testng-results ignored="0" total="5" passed="5" failed="0" skipped="0">
  <reporter-output>
  </reporter-output>
  <suite started-at="2022-05-30T13:38:41 EDT" name="Surefire suite" finished-at="2022-05-30T13:39:17 EDT" duration-ms="36161">
    <groups>
      <group name="cucumber">
        <method signature="AbstractTestNGCucumberTests.runScenario(io.cucumber.testng.PickleWrapper,io.cucumber.testng.FeatureWrapper)[pri:0, instance:com.runners.Runner@345965f2]" name="runScenario" class="io.cucumber.testng.AbstractTestNGCucumberTests"/>
      </group> <!-- cucumber -->
    </groups>
    <test started-at="2022-05-30T13:38:41 EDT" name="Surefire test" finished-at="2022-05-30T13:39:17 EDT" duration-ms="36161">
      <class name="com.runners.Runner">
        <test-method is-config="true" signature="setUpClass(org.testng.ITestContext)[pri:0, instance:com.runners.Runner@345965f2]" started-at="2022-05-30T13:38:41 EDT" name="setUpClass" finished-at="2022-05-30T13:38:41 EDT" duration-ms="602" status="PASS">
          <params>
            <param index="0">
              <value>
                <![CDATA[org.testng.TestRunner@40247d48]]>
              </value>
            </param>
          </params>
          <reporter-output>
          </reporter-output>
        </test-method> <!-- setUpClass -->
        <test-method signature="runScenario(io.cucumber.testng.PickleWrapper,io.cucumber.testng.FeatureWrapper)[pri:0, instance:com.runners.Runner@345965f2]" started-at="2022-05-30T13:38:41 EDT" name="runScenario" description="Runs Cucumber Scenarios" data-provider="scenarios" finished-at="2022-05-30T13:38:49 EDT" duration-ms="7493" status="PASS">
          <params>
            <param index="0">
              <value>
                <![CDATA["Naviagte to SFDC"]]>
              </value>
            </param>
            <param index="1">
              <value>
                <![CDATA["SDFC Login"]]>
              </value>
            </param>
          </params>
          <reporter-output>
          </reporter-output>
        </test-method> <!-- runScenario -->
        <test-method signature="runScenario(io.cucumber.testng.PickleWrapper,io.cucumber.testng.FeatureWrapper)[pri:0, instance:com.runners.Runner@345965f2]" started-at="2022-05-30T13:38:49 EDT" name="runScenario" description="Runs Cucumber Scenarios" data-provider="scenarios" finished-at="2022-05-30T13:38:57 EDT" duration-ms="8341" status="PASS">
          <params>
            <param index="0">
              <value>
                <![CDATA["Login with valid details"]]>
              </value>
            </param>
            <param index="1">
              <value>
                <![CDATA["SDFC Login"]]>
              </value>
            </param>
          </params>
          <reporter-output>
          </reporter-output>
        </test-method> <!-- runScenario -->
        <test-method signature="runScenario(io.cucumber.testng.PickleWrapper,io.cucumber.testng.FeatureWrapper)[pri:0, instance:com.runners.Runner@345965f2]" started-at="2022-05-30T13:38:57 EDT" name="runScenario" description="Runs Cucumber Scenarios" data-provider="scenarios" finished-at="2022-05-30T13:39:07 EDT" duration-ms="10037" status="PASS">
          <params>
            <param index="0">
              <value>
                <![CDATA["check remember me"]]>
              </value>
            </param>
            <param index="1">
              <value>
                <![CDATA["SDFC Login"]]>
              </value>
            </param>
          </params>
          <reporter-output>
          </reporter-output>
        </test-method> <!-- runScenario -->
        <test-method signature="runScenario(io.cucumber.testng.PickleWrapper,io.cucumber.testng.FeatureWrapper)[pri:0, instance:com.runners.Runner@345965f2]" started-at="2022-05-30T13:39:07 EDT" name="runScenario" description="Runs Cucumber Scenarios" data-provider="scenarios" finished-at="2022-05-30T13:39:12 EDT" duration-ms="4607" status="PASS">
          <params>
            <param index="0">
              <value>
                <![CDATA["forgot password"]]>
              </value>
            </param>
            <param index="1">
              <value>
                <![CDATA["SDFC Login"]]>
              </value>
            </param>
          </params>
          <reporter-output>
          </reporter-output>
        </test-method> <!-- runScenario -->
        <test-method signature="runScenario(io.cucumber.testng.PickleWrapper,io.cucumber.testng.FeatureWrapper)[pri:0, instance:com.runners.Runner@345965f2]" started-at="2022-05-30T13:39:12 EDT" name="runScenario" description="Runs Cucumber Scenarios" data-provider="scenarios" finished-at="2022-05-30T13:39:17 EDT" duration-ms="4979" status="PASS">
          <params>
            <param index="0">
              <value>
                <![CDATA["Login with invalid cerdentials"]]>
              </value>
            </param>
            <param index="1">
              <value>
                <![CDATA["SDFC Login"]]>
              </value>
            </param>
          </params>
          <reporter-output>
          </reporter-output>
        </test-method> <!-- runScenario -->
        <test-method is-config="true" signature="tearDownClass()[pri:0, instance:com.runners.Runner@345965f2]" started-at="2022-05-30T13:39:17 EDT" name="tearDownClass" finished-at="2022-05-30T13:39:17 EDT" duration-ms="73" status="PASS">
          <reporter-output>
          </reporter-output>
        </test-method> <!-- tearDownClass -->
      </class> <!-- com.runners.Runner -->
    </test> <!-- Surefire test -->
  </suite> <!-- Surefire suite -->
</testng-results>
